  Ejer.cpp
Ejer.cpp(17): warning C4101: 'ventana': variable local sin referencia
  Enemigo.cpp
  Jugador.cpp
  Generando código
  All 42 functions were compiled because no usable IPDB/IOBJ from previous compilation was found.
  Generación de código finalizada
  Ejercicio.vcxproj -> C:\Users\Administrador\Desktop\TP3-Allegro\Release\Ejercicio.exe
  Ejercicio.vcxproj -> C:\Users\Administrador\Desktop\TP3-Allegro\Release\Ejercicio.pdb (Full PDB)
  C:\Users\Administrador\Desktop\TP3-Allegro\Allegro\allegro_5.1.12_x86\bin\allegro-5.1.dll
  C:\Users\Administrador\Desktop\TP3-Allegro\Allegro\allegro_5.1.12_x86\bin\allegro-debug-5.1.dll
  C:\Users\Administrador\Desktop\TP3-Allegro\Allegro\allegro_5.1.12_x86\bin\allegro_acodec-5.1.dll
  C:\Users\Administrador\Desktop\TP3-Allegro\Allegro\allegro_5.1.12_x86\bin\allegro_acodec-debug-5.1.dll
  C:\Users\Administrador\Desktop\TP3-Allegro\Allegro\allegro_5.1.12_x86\bin\allegro_audio-5.1.dll
  C:\Users\Administrador\Desktop\TP3-Allegro\Allegro\allegro_5.1.12_x86\bin\allegro_audio-debug-5.1.dll
  C:\Users\Administrador\Desktop\TP3-Allegro\Allegro\allegro_5.1.12_x86\bin\allegro_color-5.1.dll
  C:\Users\Administrador\Desktop\TP3-Allegro\Allegro\allegro_5.1.12_x86\bin\allegro_color-debug-5.1.dll
  C:\Users\Administrador\Desktop\TP3-Allegro\Allegro\allegro_5.1.12_x86\bin\allegro_dialog-5.1.dll
  C:\Users\Administrador\Desktop\TP3-Allegro\Allegro\allegro_5.1.12_x86\bin\allegro_dialog-debug-5.1.dll
  C:\Users\Administrador\Desktop\TP3-Allegro\Allegro\allegro_5.1.12_x86\bin\allegro_font-5.1.dll
  C:\Users\Administrador\Desktop\TP3-Allegro\Allegro\allegro_5.1.12_x86\bin\allegro_font-debug-5.1.dll
  C:\Users\Administrador\Desktop\TP3-Allegro\Allegro\allegro_5.1.12_x86\bin\allegro_image-5.1.dll
  C:\Users\Administrador\Desktop\TP3-Allegro\Allegro\allegro_5.1.12_x86\bin\allegro_image-debug-5.1.dll
  C:\Users\Administrador\Desktop\TP3-Allegro\Allegro\allegro_5.1.12_x86\bin\allegro_main-5.1.dll
  C:\Users\Administrador\Desktop\TP3-Allegro\Allegro\allegro_5.1.12_x86\bin\allegro_main-debug-5.1.dll
  C:\Users\Administrador\Desktop\TP3-Allegro\Allegro\allegro_5.1.12_x86\bin\allegro_memfile-5.1.dll
  C:\Users\Administrador\Desktop\TP3-Allegro\Allegro\allegro_5.1.12_x86\bin\allegro_memfile-debug-5.1.dll
  C:\Users\Administrador\Desktop\TP3-Allegro\Allegro\allegro_5.1.12_x86\bin\allegro_physfs-5.1.dll
  C:\Users\Administrador\Desktop\TP3-Allegro\Allegro\allegro_5.1.12_x86\bin\allegro_physfs-debug-5.1.dll
  C:\Users\Administrador\Desktop\TP3-Allegro\Allegro\allegro_5.1.12_x86\bin\allegro_primitives-5.1.dll
  C:\Users\Administrador\Desktop\TP3-Allegro\Allegro\allegro_5.1.12_x86\bin\allegro_primitives-debug-5.1.dll
  C:\Users\Administrador\Desktop\TP3-Allegro\Allegro\allegro_5.1.12_x86\bin\allegro_ttf-5.1.dll
  C:\Users\Administrador\Desktop\TP3-Allegro\Allegro\allegro_5.1.12_x86\bin\allegro_ttf-debug-5.1.dll
  C:\Users\Administrador\Desktop\TP3-Allegro\Allegro\allegro_5.1.12_x86\bin\allegro_video-5.1.dll
  C:\Users\Administrador\Desktop\TP3-Allegro\Allegro\allegro_5.1.12_x86\bin\allegro_video-debug-5.1.dll
         26 archivo(s) copiado(s).
